D:\Learning\ASP NET\DatingApp\DatingApp\ClientApp\dist\out-tsc\src\app\app.component.js
D:\Learning\ASP NET\DatingApp\DatingApp\ClientApp\dist\out-tsc\src\app\app.component.js.map
D:\Learning\ASP NET\DatingApp\DatingApp\ClientApp\dist\out-tsc\src\app\value\value.component.js
D:\Learning\ASP NET\DatingApp\DatingApp\ClientApp\dist\out-tsc\src\app\value\value.component.js.map
D:\Learning\ASP NET\DatingApp\DatingApp\ClientApp\dist\out-tsc\src\app\app.module.js
D:\Learning\ASP NET\DatingApp\DatingApp\ClientApp\dist\out-tsc\src\app\app.module.js.map
D:\Learning\ASP NET\DatingApp\DatingApp\ClientApp\dist\out-tsc\src\environments\environment.js
D:\Learning\ASP NET\DatingApp\DatingApp\ClientApp\dist\out-tsc\src\environments\environment.js.map
D:\Learning\ASP NET\DatingApp\DatingApp\ClientApp\dist\out-tsc\src\main.js
D:\Learning\ASP NET\DatingApp\DatingApp\ClientApp\dist\out-tsc\src\main.js.map
D:\Learning\ASP NET\DatingApp\DatingApp\ClientApp\dist\out-tsc\src\polyfills.js
D:\Learning\ASP NET\DatingApp\DatingApp\ClientApp\dist\out-tsc\src\polyfills.js.map
D:\Learning\ASP NET\DatingApp\DatingApp\ClientApp\dist\out-tsc\src\test.js
D:\Learning\ASP NET\DatingApp\DatingApp\ClientApp\dist\out-tsc\src\test.js.map
D:\Learning\ASP NET\DatingApp\DatingApp\ClientApp\dist\out-tsc\e2e\src\app.po.js
D:\Learning\ASP NET\DatingApp\DatingApp\ClientApp\dist\out-tsc\e2e\src\app.po.js.map
D:\Learning\ASP NET\DatingApp\DatingApp\ClientApp\dist\out-tsc\e2e\src\app.e2e-spec.js
D:\Learning\ASP NET\DatingApp\DatingApp\ClientApp\dist\out-tsc\e2e\src\app.e2e-spec.js.map
D:\Learning\ASP NET\DatingApp\DatingApp\ClientApp\dist\out-tsc\src\app\app.component.spec.js
D:\Learning\ASP NET\DatingApp\DatingApp\ClientApp\dist\out-tsc\src\app\app.component.spec.js.map
D:\Learning\ASP NET\DatingApp\DatingApp\ClientApp\dist\out-tsc\src\environments\environment.prod.js
D:\Learning\ASP NET\DatingApp\DatingApp\ClientApp\dist\out-tsc\src\environments\environment.prod.js.map
D:\Learning\ASP NET\DatingApp\DatingApp\ClientApp\dist\out-tsc\src\app\value\value.component.spec.js
D:\Learning\ASP NET\DatingApp\DatingApp\ClientApp\dist\out-tsc\src\app\value\value.component.spec.js.map
